
> arboria-v3@1.1.28 tauri
> tauri build

node.exe :         Info Looking up installed 
tauri packages to check mismatched versions...
No linha:1 caractere:1
+ & "C:\Program Files\nodejs/node.exe" 
"C:\Program Files\nodejs/node_mo ...
+ ~~~~~~~~~~~~~~~~~~~~~~~~~~~~~~~~~~~~~~~~~~~~~~~
~~~~~~~~~~~~~~~~~~~~~~
    + CategoryInfo          : NotSpecified: (    
        Info Lo...hed versions...:String) [], 
Remot    eException
    + FullyQualifiedErrorId : NativeCommandError
 
        Warn The bundle identifier 
"com.arboria.app" set in `tauri.conf.json 
identifier` ends with `.app`. This is not 
recommended because it conflicts with the 
application bundle extension on macOS.
     Running beforeBuildCommand `npm run build`

> arboria-v3@1.1.28 build
> node scripts/update-version.mjs && tsc -b && vite build

Updated public/version.json to version 1.1.28
Updated dist/version.json to version 1.1.28
Updated android/app/build.gradle to versionName 1.1.28 and versionCode 10128
[36mvite v7.2.7 [32mbuilding client environment for production...[36m[39m
transforming...
[32m[39m 4074 modules transformed.
rendering chunks...
[33m[plugin vite:reporter] 
(!) C:/BMAD-workflow/apps/arboria-v3/src/lib/supa
base.ts is dynamically imported by C:/BMAD-workfl
ow/apps/arboria-v3/src/pages/InstallationSettings
.tsx but also statically imported by C:/BMAD-work
flow/apps/arboria-v3/src/api/reportService.tsx, C
:/BMAD-workflow/apps/arboria-v3/src/components/ex
ecution/ExecutionPageGuard.tsx, C:/BMAD-workflow/
apps/arboria-v3/src/components/execution/PlanChan
geNotification.tsx, C:/BMAD-workflow/apps/arboria
-v3/src/components/execution/TeamModeCoordination
.tsx, C:/BMAD-workflow/apps/arboria-v3/src/compon
ents/features/TreeForm.tsx, C:/BMAD-workflow/apps
/arboria-v3/src/context/AuthContext.tsx, C:/BMAD-
workflow/apps/arboria-v3/src/context/OfflineSyncC
ontext.tsx, C:/BMAD-workflow/apps/arboria-v3/src/
context/UpdateContext.tsx, C:/BMAD-workflow/apps/
arboria-v3/src/hooks/useNotifications.ts, C:/BMAD
-workflow/apps/arboria-v3/src/hooks/usePlans.ts, 
C:/BMAD-workflow/apps/arboria-v3/src/hooks/usePre
sence.ts, C:/BMAD-workflow/apps/arboria-v3/src/ho
oks/usePushNotifications.ts, C:/BMAD-workflow/app
s/arboria-v3/src/hooks/useTRAQCriteria.ts, C:/BMA
D-workflow/apps/arboria-v3/src/hooks/useTreeMutat
ions.ts, C:/BMAD-workflow/apps/arboria-v3/src/hoo
ks/useTreePhotos.ts, C:/BMAD-workflow/apps/arbori
a-v3/src/hooks/useTrees.ts, C:/BMAD-workflow/apps
/arboria-v3/src/lib/installationService.ts, C:/BM
AD-workflow/apps/arboria-v3/src/lib/notificationS
ervice.ts, C:/BMAD-workflow/apps/arboria-v3/src/l
ib/photoUrlService.ts, C:/BMAD-workflow/apps/arbo
ria-v3/src/pages/ActivityHistory.tsx, C:/BMAD-wor
kflow/apps/arboria-v3/src/pages/AlertsCenter.tsx,
 C:/BMAD-workflow/apps/arboria-v3/src/pages/Insta
llationSelector.tsx, C:/BMAD-workflow/apps/arbori
a-v3/src/pages/Login.tsx, C:/BMAD-workflow/apps/a
rboria-v3/src/pages/Reports.tsx, C:/BMAD-workflow
/apps/arboria-v3/src/services/backupService.ts, C
:/BMAD-workflow/apps/arboria-v3/src/services/exec
utionService.ts, C:/BMAD-workflow/apps/arboria-v3
/src/services/uploadService.ts, dynamic import 
will not move module into another chunk.
[39m
[33m[plugin vite:reporter] 
(!) C:/BMAD-workflow/apps/arboria-v3/node_modules
/@capacitor/core/dist/index.js is dynamically 
imported by C:/BMAD-workflow/apps/arboria-v3/src/
context/UpdateContext.tsx but also statically 
imported by C:/BMAD-workflow/apps/arboria-v3/node
_modules/@capacitor-community/file-opener/dist/es
m/index.js, C:/BMAD-workflow/apps/arboria-v3/node
_modules/@capacitor/app/dist/esm/index.js, C:/BMA
D-workflow/apps/arboria-v3/node_modules/@capacito
r/app/dist/esm/web.js, C:/BMAD-workflow/apps/arbo
ria-v3/node_modules/@capacitor/camera/dist/esm/in
dex.js, C:/BMAD-workflow/apps/arboria-v3/node_mod
ules/@capacitor/camera/dist/esm/web.js, C:/BMAD-w
orkflow/apps/arboria-v3/node_modules/@capacitor/f
ilesystem/dist/esm/index.js, C:/BMAD-workflow/app
s/arboria-v3/node_modules/@capacitor/filesystem/d
ist/esm/web.js, C:/BMAD-workflow/apps/arboria-v3/
node_modules/@capacitor/push-notifications/dist/e
sm/index.js, C:/BMAD-workflow/apps/arboria-v3/src
/components/layout/DownloadHub.tsx, C:/BMAD-workf
low/apps/arboria-v3/src/hooks/useDensity.ts, C:/B
MAD-workflow/apps/arboria-v3/src/hooks/useGPS.ts,
 C:/BMAD-workflow/apps/arboria-v3/src/hooks/usePu
shNotifications.ts, C:/BMAD-workflow/apps/arboria
-v3/src/lib/plugins/GnssPlugin.ts, C:/BMAD-workfl
ow/apps/arboria-v3/src/pages/Downloads.tsx, C:/BM
AD-workflow/apps/arboria-v3/src/utils/downloadUti
ls.ts, C:/BMAD-workflow/apps/arboria-v3/src/utils
/mapUtils.ts, dynamic import will not move 
module into another chunk.
[39m
[33m[plugin vite:reporter] 
(!) C:/BMAD-workflow/apps/arboria-v3/node_modules
/@capacitor-community/file-opener/dist/esm/index.
js is dynamically imported by C:/BMAD-workflow/ap
ps/arboria-v3/src/context/UpdateContext.tsx but 
also statically imported by C:/BMAD-workflow/apps
/arboria-v3/src/components/layout/DownloadHub.tsx
, C:/BMAD-workflow/apps/arboria-v3/src/pages/Down
loads.tsx, C:/BMAD-workflow/apps/arboria-v3/src/u
tils/downloadUtils.ts, dynamic import will not 
move module into another chunk.
[39m
[33m[plugin vite:reporter] 
(!) C:/BMAD-workflow/apps/arboria-v3/src/services
/executionService.ts is dynamically imported by C
:/BMAD-workflow/apps/arboria-v3/src/context/Offli
neSyncContext.tsx but also statically imported 
by C:/BMAD-workflow/apps/arboria-v3/src/component
s/execution/TaskExecutionCard.tsx, C:/BMAD-workfl
ow/apps/arboria-v3/src/components/planning/PlanDe
tail.tsx, C:/BMAD-workflow/apps/arboria-v3/src/ho
oks/useExecution.ts, dynamic import will not 
move module into another chunk.
[39m
[33m[plugin vite:reporter] 
(!) C:/BMAD-workflow/apps/arboria-v3/node_modules
/@capacitor/filesystem/dist/esm/index.js is 
dynamically imported by C:/BMAD-workflow/apps/arb
oria-v3/src/context/UpdateContext.tsx, C:/BMAD-wo
rkflow/apps/arboria-v3/src/context/UpdateContext.
tsx, C:/BMAD-workflow/apps/arboria-v3/src/context
/UpdateContext.tsx, C:/BMAD-workflow/apps/arboria
-v3/src/context/UpdateContext.tsx but also 
statically imported by C:/BMAD-workflow/apps/arbo
ria-v3/src/utils/downloadUtils.ts, dynamic 
import will not move module into another chunk.
[39m
computing gzip size...
[2mdist/[22m[32mmanifest.webmanifest                                [39m[1m[2m    0.36 kB[22m[1m[22m
[2mdist/[22m[32mindex.html                                          [39m[1m[2m    1.01 kB[22m[1m[22m[2m  gzip:   0.56 kB[22m
[2mdist/[22m[35massets/index-C9mbwYuJ.css                           [39m[1m[2m  174.31 kB[22m[1m[22m[2m  gzip:  27.01 kB[22m
[2mdist/[22m[36massets/web-DNpopbMA.js                              [39m[1m[2m    0.67 kB[22m[1m[22m[2m  gzip:   0.33 kB[22m
[2mdist/[22m[36massets/pwa-toast.entry-BV6k_ugX.js                  [39m[1m[2m    1.56 kB[22m[1m[22m[2m  gzip:   0.73 kB[22m
[2mdist/[22m[36massets/pwa-action-sheet.entry-l1rUIYyG.js           [39m[1m[2m    2.93 kB[22m[1m[22m[2m  gzip:   1.07 kB[22m
[2mdist/[22m[36massets/pwa-camera-modal.entry-woV80HgY.js           [39m[1m[2m    2.98 kB[22m[1m[22m[2m  gzip:   1.31 kB[22m
[2mdist/[22m[36massets/pwa-camera-modal-instance.entry-CFzPgaHA.js  [39m[1m[2m    3.41 kB[22m[1m[22m[2m  gzip:   1.48 kB[22m
[2mdist/[22m[36massets/workbox-window.prod.es5-BIl4cyR9.js          [39m[1m[2m    5.76 kB[22m[1m[22m[2m  gzip:   2.37 kB[22m
[2mdist/[22m[36massets/web-BVb4q-ZO.js                              [39m[1m[2m    8.69 kB[22m[1m[22m[2m  gzip:   2.96 kB[22m
[2mdist/[22m[36massets/pwa-camera.entry-C0N2pI9Q.js                 [39m[1m[2m   22.78 kB[22m[1m[22m[2m  gzip:   6.72 kB[22m
[2mdist/[22m[36massets/index-Bc9Ey6ic.js                            [39m[1m[33m3,358.57 kB[39m[22m[2m  gzip: 989.01 kB[22m
[33m
(!) Some chunks are larger than 500 kB after 
minification. Consider:
- Using dynamic import() to code-split the 
application
- Use build.rollupOptions.output.manualChunks to 
improve chunking: https://rollupjs.org/configurat
ion-options/#output-manualchunks
- Adjust chunk size limit for this warning via 
build.chunkSizeWarningLimit.[39m
[32m built in 32.01s[39m

PWA v1.2.0
Building src/sw.ts service worker ("es" format)...
[36mvite v7.2.7 [32mbuilding client environment for production...[36m[39m
transforming...
[32m[39m 54 modules transformed.
rendering chunks...
computing gzip size...
[2mdist/[22m[36msw.mjs  [39m[1m[2m20.31 kB[22m[1m[22m[2m  gzip: 6.98 kB[22m
[32m built in 276ms[39m

PWA v1.2.0
mode      injectManifest
format:   es
precache  22 entries (7173.94 KiB)
files generated
  dist/sw.js
   Compiling tauri-runtime v2.9.2
   Compiling app v0.1.0 
(C:\BMAD-workflow\apps\arboria-v3\src-tauri)
error: failed to run custom build command for 
`app v0.1.0 
(C:\BMAD-workflow\apps\arboria-v3\src-tauri)`
note: To improve backtraces for build 
dependencies, set the 
CARGO_PROFILE_RELEASE_BUILD_OVERRIDE_DEBUG=true 
environment variable to enable debug information 
generation.

Caused by:
  process didn't exit successfully: `C:\BMAD-work
flow\apps\arboria-v3\src-tauri\target\release\bui
ld\app-9991ff0814969152\build-script-build` 
(exit code: 1)
  --- stdout
  cargo:rerun-if-env-changed=TAURI_CONFIG
  cargo:rustc-check-cfg=cfg(desktop)
  cargo:rustc-cfg=desktop
  cargo:rustc-check-cfg=cfg(mobile)
  cargo:rerun-if-changed=C:\BMAD-workflow\apps\ar
boria-v3\src-tauri\tauri.conf.json
  cargo:rustc-env=TAURI_ANDROID_PACKAGE_NAME_APP_
NAME=app
  cargo:rustc-env=TAURI_ANDROID_PACKAGE_NAME_PREF
IX=com_arboria
  cargo:rustc-check-cfg=cfg(dev)
  cargo:PERMISSION_FILES_PATH=C:\BMAD-workflow\ap
ps\arboria-v3\src-tauri\target\release\build\app-
51363f2341af499d\out\app-manifest\__app__-permiss
ion-files
  cargo:rerun-if-changed=capabilities
  Permission shell:open not found, expected one 
of core:default, core:app:default, 
core:app:allow-app-hide, 
core:app:allow-app-show, 
core:app:allow-bundle-type, 
core:app:allow-default-window-icon, 
core:app:allow-fetch-data-store-identifiers, 
core:app:allow-identifier, core:app:allow-name, 
core:app:allow-register-listener, 
core:app:allow-remove-data-store, 
core:app:allow-remove-listener, 
core:app:allow-set-app-theme, 
core:app:allow-set-dock-visibility, 
core:app:allow-tauri-version, 
core:app:allow-version, core:app:deny-app-hide, 
core:app:deny-app-show, 
core:app:deny-bundle-type, 
core:app:deny-default-window-icon, 
core:app:deny-fetch-data-store-identifiers, 
core:app:deny-identifier, core:app:deny-name, 
core:app:deny-register-listener, 
core:app:deny-remove-data-store, 
core:app:deny-remove-listener, 
core:app:deny-set-app-theme, 
core:app:deny-set-dock-visibility, 
core:app:deny-tauri-version, 
core:app:deny-version, core:event:default, 
core:event:allow-emit, core:event:allow-emit-to, 
core:event:allow-listen, 
core:event:allow-unlisten, core:event:deny-emit, 
core:event:deny-emit-to, core:event:deny-listen, 
core:event:deny-unlisten, core:image:default, 
core:image:allow-from-bytes, 
core:image:allow-from-path, 
core:image:allow-new, core:image:allow-rgba, 
core:image:allow-size, 
core:image:deny-from-bytes, 
core:image:deny-from-path, core:image:deny-new, 
core:image:deny-rgba, core:image:deny-size, 
core:menu:default, core:menu:allow-append, 
core:menu:allow-create-default, 
core:menu:allow-get, core:menu:allow-insert, 
core:menu:allow-is-checked, 
core:menu:allow-is-enabled, 
core:menu:allow-items, core:menu:allow-new, 
core:menu:allow-popup, core:menu:allow-prepend, 
core:menu:allow-remove, 
core:menu:allow-remove-at, 
core:menu:allow-set-accelerator, 
core:menu:allow-set-as-app-menu, 
core:menu:allow-set-as-help-menu-for-nsapp, 
core:menu:allow-set-as-window-menu, 
core:menu:allow-set-as-windows-menu-for-nsapp, 
core:menu:allow-set-checked, 
core:menu:allow-set-enabled, 
core:menu:allow-set-icon, 
core:menu:allow-set-text, core:menu:allow-text, 
core:menu:deny-append, 
core:menu:deny-create-default, 
core:menu:deny-get, core:menu:deny-insert, 
core:menu:deny-is-checked, 
core:menu:deny-is-enabled, core:menu:deny-items, 
core:menu:deny-new, core:menu:deny-popup, 
core:menu:deny-prepend, core:menu:deny-remove, 
core:menu:deny-remove-at, 
core:menu:deny-set-accelerator, 
core:menu:deny-set-as-app-menu, 
core:menu:deny-set-as-help-menu-for-nsapp, 
core:menu:deny-set-as-window-menu, 
core:menu:deny-set-as-windows-menu-for-nsapp, 
core:menu:deny-set-checked, 
core:menu:deny-set-enabled, 
core:menu:deny-set-icon, 
core:menu:deny-set-text, core:menu:deny-text, 
core:path:default, core:path:allow-basename, 
core:path:allow-dirname, 
core:path:allow-extname, 
core:path:allow-is-absolute, 
core:path:allow-join, core:path:allow-normalize, 
core:path:allow-resolve, 
core:path:allow-resolve-directory, 
core:path:deny-basename, core:path:deny-dirname, 
core:path:deny-extname, 
core:path:deny-is-absolute, core:path:deny-join, 
core:path:deny-normalize, 
core:path:deny-resolve, 
core:path:deny-resolve-directory, 
core:resources:default, 
core:resources:allow-close, 
core:resources:deny-close, core:tray:default, 
core:tray:allow-get-by-id, core:tray:allow-new, 
core:tray:allow-remove-by-id, 
core:tray:allow-set-icon, 
core:tray:allow-set-icon-as-template, 
core:tray:allow-set-menu, 
core:tray:allow-set-show-menu-on-left-click, 
core:tray:allow-set-temp-dir-path, 
core:tray:allow-set-title, 
core:tray:allow-set-tooltip, 
core:tray:allow-set-visible, 
core:tray:deny-get-by-id, core:tray:deny-new, 
core:tray:deny-remove-by-id, 
core:tray:deny-set-icon, 
core:tray:deny-set-icon-as-template, 
core:tray:deny-set-menu, 
core:tray:deny-set-show-menu-on-left-click, 
core:tray:deny-set-temp-dir-path, 
core:tray:deny-set-title, 
core:tray:deny-set-tooltip, 
core:tray:deny-set-visible, 
core:webview:default, 
core:webview:allow-clear-all-browsing-data, 
core:webview:allow-create-webview, 
core:webview:allow-create-webview-window, 
core:webview:allow-get-all-webviews, 
core:webview:allow-internal-toggle-devtools, 
core:webview:allow-print, 
core:webview:allow-reparent, 
core:webview:allow-set-webview-auto-resize, 
core:webview:allow-set-webview-background-color, 
core:webview:allow-set-webview-focus, 
core:webview:allow-set-webview-position, 
core:webview:allow-set-webview-size, 
core:webview:allow-set-webview-zoom, 
core:webview:allow-webview-close, 
core:webview:allow-webview-hide, 
core:webview:allow-webview-position, 
core:webview:allow-webview-show, 
core:webview:allow-webview-size, 
core:webview:deny-clear-all-browsing-data, 
core:webview:deny-create-webview, 
core:webview:deny-create-webview-window, 
core:webview:deny-get-all-webviews, 
core:webview:deny-internal-toggle-devtools, 
core:webview:deny-print, 
core:webview:deny-reparent, 
core:webview:deny-set-webview-auto-resize, 
core:webview:deny-set-webview-background-color, 
core:webview:deny-set-webview-focus, 
core:webview:deny-set-webview-position, 
core:webview:deny-set-webview-size, 
core:webview:deny-set-webview-zoom, 
core:webview:deny-webview-close, 
core:webview:deny-webview-hide, 
core:webview:deny-webview-position, 
core:webview:deny-webview-show, 
core:webview:deny-webview-size, 
core:window:default, 
core:window:allow-available-monitors, 
core:window:allow-center, 
core:window:allow-close, 
core:window:allow-create, 
core:window:allow-current-monitor, 
core:window:allow-cursor-position, 
core:window:allow-destroy, 
core:window:allow-get-all-windows, 
core:window:allow-hide, 
core:window:allow-inner-position, 
core:window:allow-inner-size, 
core:window:allow-internal-toggle-maximize, 
core:window:allow-is-always-on-top, 
core:window:allow-is-closable, 
core:window:allow-is-decorated, 
core:window:allow-is-enabled, 
core:window:allow-is-focused, 
core:window:allow-is-fullscreen, 
core:window:allow-is-maximizable, 
core:window:allow-is-maximized, 
core:window:allow-is-minimizable, 
core:window:allow-is-minimized, 
core:window:allow-is-resizable, 
core:window:allow-is-visible, 
core:window:allow-maximize, 
core:window:allow-minimize, 
core:window:allow-monitor-from-point, 
core:window:allow-outer-position, 
core:window:allow-outer-size, 
core:window:allow-primary-monitor, 
core:window:allow-request-user-attention, 
core:window:allow-scale-factor, 
core:window:allow-set-always-on-bottom, 
core:window:allow-set-always-on-top, 
core:window:allow-set-background-color, 
core:window:allow-set-badge-count, 
core:window:allow-set-badge-label, 
core:window:allow-set-closable, 
core:window:allow-set-content-protected, 
core:window:allow-set-cursor-grab, 
core:window:allow-set-cursor-icon, 
core:window:allow-set-cursor-position, 
core:window:allow-set-cursor-visible, 
core:window:allow-set-decorations, 
core:window:allow-set-effects, 
core:window:allow-set-enabled, 
core:window:allow-set-focus, 
core:window:allow-set-focusable, 
core:window:allow-set-fullscreen, 
core:window:allow-set-icon, 
core:window:allow-set-ignore-cursor-events, 
core:window:allow-set-max-size, 
core:window:allow-set-maximizable, 
core:window:allow-set-min-size, 
core:window:allow-set-minimizable, 
core:window:allow-set-overlay-icon, 
core:window:allow-set-position, 
core:window:allow-set-progress-bar, 
core:window:allow-set-resizable, 
core:window:allow-set-shadow, 
core:window:allow-set-simple-fullscreen, 
core:window:allow-set-size, 
core:window:allow-set-size-constraints, 
core:window:allow-set-skip-taskbar, 
core:window:allow-set-theme, 
core:window:allow-set-title, 
core:window:allow-set-title-bar-style, 
core:window:allow-set-visible-on-all-workspaces, 
core:window:allow-show, 
core:window:allow-start-dragging, 
core:window:allow-start-resize-dragging, 
core:window:allow-theme, 
core:window:allow-title, 
core:window:allow-toggle-maximize, 
core:window:allow-unmaximize, 
core:window:allow-unminimize, 
core:window:deny-available-monitors, 
core:window:deny-center, core:window:deny-close, 
core:window:deny-create, 
core:window:deny-current-monitor, 
core:window:deny-cursor-position, 
core:window:deny-destroy, 
core:window:deny-get-all-windows, 
core:window:deny-hide, 
core:window:deny-inner-position, 
core:window:deny-inner-size, 
core:window:deny-internal-toggle-maximize, 
core:window:deny-is-always-on-top, 
core:window:deny-is-closable, 
core:window:deny-is-decorated, 
core:window:deny-is-enabled, 
core:window:deny-is-focused, 
core:window:deny-is-fullscreen, 
core:window:deny-is-maximizable, 
core:window:deny-is-maximized, 
core:window:deny-is-minimizable, 
core:window:deny-is-minimized, 
core:window:deny-is-resizable, 
core:window:deny-is-visible, 
core:window:deny-maximize, 
core:window:deny-minimize, 
core:window:deny-monitor-from-point, 
core:window:deny-outer-position, 
core:window:deny-outer-size, 
core:window:deny-primary-monitor, 
core:window:deny-request-user-attention, 
core:window:deny-scale-factor, 
core:window:deny-set-always-on-bottom, 
core:window:deny-set-always-on-top, 
core:window:deny-set-background-color, 
core:window:deny-set-badge-count, 
core:window:deny-set-badge-label, 
core:window:deny-set-closable, 
core:window:deny-set-content-protected, 
core:window:deny-set-cursor-grab, 
core:window:deny-set-cursor-icon, 
core:window:deny-set-cursor-position, 
core:window:deny-set-cursor-visible, 
core:window:deny-set-decorations, 
core:window:deny-set-effects, 
core:window:deny-set-enabled, 
core:window:deny-set-focus, 
core:window:deny-set-focusable, 
core:window:deny-set-fullscreen, 
core:window:deny-set-icon, 
core:window:deny-set-ignore-cursor-events, 
core:window:deny-set-max-size, 
core:window:deny-set-maximizable, 
core:window:deny-set-min-size, 
core:window:deny-set-minimizable, 
core:window:deny-set-overlay-icon, 
core:window:deny-set-position, 
core:window:deny-set-progress-bar, 
core:window:deny-set-resizable, 
core:window:deny-set-shadow, 
core:window:deny-set-simple-fullscreen, 
core:window:deny-set-size, 
core:window:deny-set-size-constraints, 
core:window:deny-set-skip-taskbar, 
core:window:deny-set-theme, 
core:window:deny-set-title, 
core:window:deny-set-title-bar-style, 
core:window:deny-set-visible-on-all-workspaces, 
core:window:deny-show, 
core:window:deny-start-dragging, 
core:window:deny-start-resize-dragging, 
core:window:deny-theme, core:window:deny-title, 
core:window:deny-toggle-maximize, 
core:window:deny-unmaximize, 
core:window:deny-unminimize, dialog:default, 
dialog:allow-ask, dialog:allow-confirm, 
dialog:allow-message, dialog:allow-open, 
dialog:allow-save, dialog:deny-ask, 
dialog:deny-confirm, dialog:deny-message, 
dialog:deny-open, dialog:deny-save, fs:default, 
fs:allow-copy-file, fs:allow-create, 
fs:allow-exists, fs:allow-fstat, 
fs:allow-ftruncate, fs:allow-lstat, 
fs:allow-mkdir, fs:allow-open, fs:allow-read, 
fs:allow-read-dir, fs:allow-read-file, 
fs:allow-read-text-file, 
fs:allow-read-text-file-lines, 
fs:allow-read-text-file-lines-next, 
fs:allow-remove, fs:allow-rename, fs:allow-seek, 
fs:allow-size, fs:allow-stat, fs:allow-truncate, 
fs:allow-unwatch, fs:allow-watch, 
fs:allow-write, fs:allow-write-file, 
fs:allow-write-text-file, 
fs:create-app-specific-dirs, fs:deny-copy-file, 
fs:deny-create, fs:deny-exists, fs:deny-fstat, 
fs:deny-ftruncate, fs:deny-lstat, fs:deny-mkdir, 
fs:deny-open, fs:deny-read, fs:deny-read-dir, 
fs:deny-read-file, fs:deny-read-text-file, 
fs:deny-read-text-file-lines, 
fs:deny-read-text-file-lines-next, 
fs:deny-remove, fs:deny-rename, fs:deny-seek, 
fs:deny-size, fs:deny-stat, fs:deny-truncate, 
fs:deny-unwatch, fs:deny-watch, 
fs:deny-webview-data-linux, 
fs:deny-webview-data-windows, fs:deny-write, 
fs:deny-write-file, fs:deny-write-text-file, 
fs:read-all, 
fs:read-app-specific-dirs-recursive, 
fs:read-dirs, fs:read-files, fs:read-meta, 
fs:scope, fs:scope-app, fs:scope-app-index, 
fs:scope-app-recursive, fs:scope-appcache, 
fs:scope-appcache-index, 
fs:scope-appcache-recursive, fs:scope-appconfig, 
fs:scope-appconfig-index, 
fs:scope-appconfig-recursive, fs:scope-appdata, 
fs:scope-appdata-index, 
fs:scope-appdata-recursive, 
fs:scope-applocaldata, 
fs:scope-applocaldata-index, 
fs:scope-applocaldata-recursive, 
fs:scope-applog, fs:scope-applog-index, 
fs:scope-applog-recursive, fs:scope-audio, 
fs:scope-audio-index, fs:scope-audio-recursive, 
fs:scope-cache, fs:scope-cache-index, 
fs:scope-cache-recursive, fs:scope-config, 
fs:scope-config-index, 
fs:scope-config-recursive, fs:scope-data, 
fs:scope-data-index, fs:scope-data-recursive, 
fs:scope-desktop, fs:scope-desktop-index, 
fs:scope-desktop-recursive, fs:scope-document, 
fs:scope-document-index, 
fs:scope-document-recursive, fs:scope-download, 
fs:scope-download-index, 
fs:scope-download-recursive, fs:scope-exe, 
fs:scope-exe-index, fs:scope-exe-recursive, 
fs:scope-font, fs:scope-font-index, 
fs:scope-font-recursive, fs:scope-home, 
fs:scope-home-index, fs:scope-home-recursive, 
fs:scope-localdata, fs:scope-localdata-index, 
fs:scope-localdata-recursive, fs:scope-log, 
fs:scope-log-index, fs:scope-log-recursive, 
fs:scope-picture, fs:scope-picture-index, 
fs:scope-picture-recursive, fs:scope-public, 
fs:scope-public-index, 
fs:scope-public-recursive, fs:scope-resource, 
fs:scope-resource-index, 
fs:scope-resource-recursive, fs:scope-runtime, 
fs:scope-runtime-index, 
fs:scope-runtime-recursive, fs:scope-temp, 
fs:scope-temp-index, fs:scope-temp-recursive, 
fs:scope-template, fs:scope-template-index, 
fs:scope-template-recursive, fs:scope-video, 
fs:scope-video-index, fs:scope-video-recursive, 
fs:write-all, fs:write-files, fs:allow-app-meta, 
fs:allow-app-meta-recursive, fs:allow-app-read, 
fs:allow-app-read-recursive, fs:allow-app-write, 
fs:allow-app-write-recursive, 
fs:allow-appcache-meta, 
fs:allow-appcache-meta-recursive, 
fs:allow-appcache-read, 
fs:allow-appcache-read-recursive, 
fs:allow-appcache-write, 
fs:allow-appcache-write-recursive, 
fs:allow-appconfig-meta, 
fs:allow-appconfig-meta-recursive, 
fs:allow-appconfig-read, 
fs:allow-appconfig-read-recursive, 
fs:allow-appconfig-write, 
fs:allow-appconfig-write-recursive, 
fs:allow-appdata-meta, 
fs:allow-appdata-meta-recursive, 
fs:allow-appdata-read, 
fs:allow-appdata-read-recursive, 
fs:allow-appdata-write, 
fs:allow-appdata-write-recursive, 
fs:allow-applocaldata-meta, 
fs:allow-applocaldata-meta-recursive, 
fs:allow-applocaldata-read, 
fs:allow-applocaldata-read-recursive, 
fs:allow-applocaldata-write, 
fs:allow-applocaldata-write-recursive, 
fs:allow-applog-meta, 
fs:allow-applog-meta-recursive, 
fs:allow-applog-read, 
fs:allow-applog-read-recursive, 
fs:allow-applog-write, 
fs:allow-applog-write-recursive, 
fs:allow-audio-meta, 
fs:allow-audio-meta-recursive, 
fs:allow-audio-read, 
fs:allow-audio-read-recursive, 
fs:allow-audio-write, 
fs:allow-audio-write-recursive, 
fs:allow-cache-meta, 
fs:allow-cache-meta-recursive, 
fs:allow-cache-read, 
fs:allow-cache-read-recursive, 
fs:allow-cache-write, 
fs:allow-cache-write-recursive, 
fs:allow-config-meta, 
fs:allow-config-meta-recursive, 
fs:allow-config-read, 
fs:allow-config-read-recursive, 
fs:allow-config-write, 
fs:allow-config-write-recursive, 
fs:allow-data-meta, 
fs:allow-data-meta-recursive, 
fs:allow-data-read, 
fs:allow-data-read-recursive, 
fs:allow-data-write, 
fs:allow-data-write-recursive, 
fs:allow-desktop-meta, 
fs:allow-desktop-meta-recursive, 
fs:allow-desktop-read, 
fs:allow-desktop-read-recursive, 
fs:allow-desktop-write, 
fs:allow-desktop-write-recursive, 
fs:allow-document-meta, 
fs:allow-document-meta-recursive, 
fs:allow-document-read, 
fs:allow-document-read-recursive, 
fs:allow-document-write, 
fs:allow-document-write-recursive, 
fs:allow-download-meta, 
fs:allow-download-meta-recursive, 
fs:allow-download-read, 
fs:allow-download-read-recursive, 
fs:allow-download-write, 
fs:allow-download-write-recursive, 
fs:allow-exe-meta, fs:allow-exe-meta-recursive, 
fs:allow-exe-read, fs:allow-exe-read-recursive, 
fs:allow-exe-write, 
fs:allow-exe-write-recursive, 
fs:allow-font-meta, 
fs:allow-font-meta-recursive, 
fs:allow-font-read, 
fs:allow-font-read-recursive, 
fs:allow-font-write, 
fs:allow-font-write-recursive, 
fs:allow-home-meta, 
fs:allow-home-meta-recursive, 
fs:allow-home-read, 
fs:allow-home-read-recursive, 
fs:allow-home-write, 
fs:allow-home-write-recursive, 
fs:allow-localdata-meta, 
fs:allow-localdata-meta-recursive, 
fs:allow-localdata-read, 
fs:allow-localdata-read-recursive, 
fs:allow-localdata-write, 
fs:allow-localdata-write-recursive, 
fs:allow-log-meta, fs:allow-log-meta-recursive, 
fs:allow-log-read, fs:allow-log-read-recursive, 
fs:allow-log-write, 
fs:allow-log-write-recursive, 
fs:allow-picture-meta, 
fs:allow-picture-meta-recursive, 
fs:allow-picture-read, 
fs:allow-picture-read-recursive, 
fs:allow-picture-write, 
fs:allow-picture-write-recursive, 
fs:allow-public-meta, 
fs:allow-public-meta-recursive, 
fs:allow-public-read, 
fs:allow-public-read-recursive, 
fs:allow-public-write, 
fs:allow-public-write-recursive, 
fs:allow-resource-meta, 
fs:allow-resource-meta-recursive, 
fs:allow-resource-read, 
fs:allow-resource-read-recursive, 
fs:allow-resource-write, 
fs:allow-resource-write-recursive, 
fs:allow-runtime-meta, 
fs:allow-runtime-meta-recursive, 
fs:allow-runtime-read, 
fs:allow-runtime-read-recursive, 
fs:allow-runtime-write, 
fs:allow-runtime-write-recursive, 
fs:allow-temp-meta, 
fs:allow-temp-meta-recursive, 
fs:allow-temp-read, 
fs:allow-temp-read-recursive, 
fs:allow-temp-write, 
fs:allow-temp-write-recursive, 
fs:allow-template-meta, 
fs:allow-template-meta-recursive, 
fs:allow-template-read, 
fs:allow-template-read-recursive, 
fs:allow-template-write, 
fs:allow-template-write-recursive, 
fs:allow-video-meta, 
fs:allow-video-meta-recursive, 
fs:allow-video-read, 
fs:allow-video-read-recursive, 
fs:allow-video-write, 
fs:allow-video-write-recursive, fs:deny-default, 
log:default, log:allow-log, log:deny-log, 
shell:default, shell:allow-execute, 
shell:allow-kill, shell:allow-open, 
shell:allow-spawn, shell:allow-stdin-write, 
shell:deny-execute, shell:deny-kill, 
shell:deny-open, shell:deny-spawn, 
shell:deny-stdin-write
warning: build failed, waiting for other jobs to 
finish...
failed to build app: failed to build app
       Error failed to build app: failed to 
build app
